<!DOCTYPE html PUBLIC "-//W3C//DTD XHTML 1.1//EN" "https://www.w3.org/TR/xhtml11/DTD/xhtml11.dtd">
<html xmlns="https://www.w3.org/1999/xhtml">
<head>
<meta http-equiv="content-type" content="text/html; charset=UTF-8"/>
<title>TestNG Report</title>
<style type="text/css">table {margin-bottom:10px;border-collapse:collapse;empty-cells:show}th,td {border:1px solid #009;padding:.25em .5em}th {vertical-align:bottom}td {vertical-align:top}table a {font-weight:bold}.stripe td {background-color: #E6EBF9}.num {text-align:right}.passedodd td {background-color: #3F3}.passedeven td {background-color: #0A0}.skippedodd td {background-color: #DDD}.skippedeven td {background-color: #CCC}.failedodd td,.attn {background-color: #F33}.failedeven td,.stripe .attn {background-color: #D00}.stacktrace {white-space:pre;font-family:monospace}.totop {font-size:85%;text-align:center;border-bottom:2px solid #000}.invisible {display:none}</style>
</head>
<body>
<table>
<tr><th>Test</th><th># Passed</th><th># Skipped</th><th># Retried</th><th># Failed</th><th>Time (ms)</th><th>Included Groups</th><th>Excluded Groups</th></tr>
<tr><th colspan="8">Suite</th></tr>
<tr><td><a href="#t0">Test</a></td><td class="num">0</td><td class="num attn">11</td><td class="num">0</td><td class="num">0</td><td class="num">97</td><td></td><td></td></tr>
</table>
<table id='summary'><thead><tr><th>Class</th><th>Method</th><th>Start</th><th>Time (ms)</th></tr></thead><tbody><tr><th colspan="4">Suite</th></tr></tbody><tbody id="t0"><tr><th colspan="4">Test &#8212; failed (configuration methods)</th></tr><tr class="failedeven"><td rowspan="2">testscript.AdminUsersTest</td><td><a href="#m0">browserIntializaztion</a></td><td rowspan="1">1756094869266</td><td rowspan="1">-1756094869266</td></tr><tr class="failedeven"><td><a href="#m1">browserQuit</a></td><td rowspan="1">1756094869287</td><td rowspan="1">4</td></tr><tr class="failedodd"><td rowspan="10">testscript.Login</td><td><a href="#m2">browserIntializaztion</a></td><td rowspan="5">1756094869297</td><td rowspan="5">-1756094869297</td></tr><tr class="failedodd"><td><a href="#m3">browserIntializaztion</a></td></tr><tr class="failedodd"><td><a href="#m4">browserIntializaztion</a></td></tr><tr class="failedodd"><td><a href="#m5">browserIntializaztion</a></td></tr><tr class="failedodd"><td><a href="#m6">browserIntializaztion</a></td></tr><tr class="failedodd"><td><a href="#m7">browserQuit</a></td><td rowspan="5">1756094869304</td><td rowspan="5">1</td></tr><tr class="failedodd"><td><a href="#m8">browserQuit</a></td></tr><tr class="failedodd"><td><a href="#m9">browserQuit</a></td></tr><tr class="failedodd"><td><a href="#m10">browserQuit</a></td></tr><tr class="failedodd"><td><a href="#m11">browserQuit</a></td></tr><tr class="failedeven"><td rowspan="8">testscript.LoginTest</td><td><a href="#m12">browserIntializaztion</a></td><td rowspan="4">1756094869310</td><td rowspan="4">-1756094869310</td></tr><tr class="failedeven"><td><a href="#m13">browserIntializaztion</a></td></tr><tr class="failedeven"><td><a href="#m14">browserIntializaztion</a></td></tr><tr class="failedeven"><td><a href="#m15">browserIntializaztion</a></td></tr><tr class="failedeven"><td><a href="#m16">browserQuit</a></td><td rowspan="4">1756094869319</td><td rowspan="4">0</td></tr><tr class="failedeven"><td><a href="#m17">browserQuit</a></td></tr><tr class="failedeven"><td><a href="#m18">browserQuit</a></td></tr><tr class="failedeven"><td><a href="#m19">browserQuit</a></td></tr><tr class="failedodd"><td rowspan="2">testscript.ManageNewsTest</td><td><a href="#m20">browserIntializaztion</a></td><td rowspan="1">1756094869293</td><td rowspan="1">-1756094869293</td></tr><tr class="failedodd"><td><a href="#m21">browserQuit</a></td><td rowspan="1">1756094869294</td><td rowspan="1">0</td></tr><tr><th colspan="4">Test &#8212; skipped</th></tr><tr class="skippedeven"><td rowspan="1">testscript.AdminUsersTest</td><td><a href="#m22">testAddAdmin</a></td><td rowspan="1">1756094869283</td><td rowspan="1">1</td></tr><tr class="skippedodd"><td rowspan="5">testscript.Login</td><td><a href="#m23">loginBothCorrect</a></td><td rowspan="1">1756094869296</td><td rowspan="1">0</td></tr><tr class="skippedodd"><td><a href="#m24">loginWithNoCredentials</a></td><td rowspan="1">1756094869298</td><td rowspan="1">0</td></tr><tr class="skippedodd"><td><a href="#m25">usernameCorrectPasswordIncorrect</a></td><td rowspan="1">1756094869300</td><td rowspan="1">0</td></tr><tr class="skippedodd"><td><a href="#m26">usernameIncorrectPasswordCorrect</a></td><td rowspan="1">1756094869304</td><td rowspan="1">0</td></tr><tr class="skippedodd"><td><a href="#m27">usernameIncorrectPasswordInCorrect</a></td><td rowspan="1">1756094869306</td><td rowspan="1">0</td></tr><tr class="skippedeven"><td rowspan="4">testscript.LoginTest</td><td><a href="#m28">loginInvalidCrendentialsBoth</a></td><td rowspan="1">1756094869311</td><td rowspan="1">0</td></tr><tr class="skippedeven"><td><a href="#m29">loginInvalidCrendentialsPass</a></td><td rowspan="1">1756094869314</td><td rowspan="1">0</td></tr><tr class="skippedeven"><td><a href="#m30">loginInvalidCrendentialsUser</a></td><td rowspan="1">1756094869316</td><td rowspan="1">0</td></tr><tr class="skippedeven"><td><a href="#m31">loginValidCrendentials</a></td><td rowspan="1">1756094869317</td><td rowspan="1">0</td></tr><tr class="skippedodd"><td rowspan="1">testscript.ManageNewsTest</td><td><a href="#m32">manageNews</a></td><td rowspan="1">1756094869294</td><td rowspan="1">0</td></tr></tbody>
</table>
<h2>Test</h2><h3 id="m0">testscript.AdminUsersTest#browserIntializaztion</h3><table class="result"><tr><th>Exception</th></tr><tr><td><div class="stacktrace">org.testng.TestNGException: 
Parameter &apos;browser&apos; is required by BeforeMethod on method browserIntializaztion but has not been marked @Optional or defined
in C:\Users\aswat\eclipse-workspace\DemoProjectOne\testng.xml
	at java.base/java.util.ArrayList.forEach(ArrayList.java:1596)
... Removed 32 stack frames</div></td></tr></table><p class="totop"><a href="#summary">back to summary</a></p>
<h3 id="m1">testscript.AdminUsersTest#browserQuit</h3><table class="result"><tr class="param"><th>Parameter #1</th></tr><tr class="param stripe"><td>[TestResult name=testAddAdmin status=SKIP method=AdminUsersTest.testAddAdmin()[pri:1, instance:testscript.AdminUsersTest@28eaa59a] output={null}]</td></tr><tr><th>Exception</th></tr><tr><td><div class="stacktrace">java.lang.NullPointerException: Cannot invoke &quot;org.openqa.selenium.WebDriver.quit()&quot; because &quot;this.driver&quot; is null
	at testscript.Base.browserQuit(Base.java:48)
	at java.base/java.util.ArrayList.forEach(ArrayList.java:1596)
... Removed 34 stack frames</div></td></tr></table><p class="totop"><a href="#summary">back to summary</a></p>
<h3 id="m2">testscript.Login#browserIntializaztion</h3><table class="result"><tr><th>Exception</th></tr><tr><td><div class="stacktrace">org.testng.TestNGException: 
Parameter &apos;browser&apos; is required by BeforeMethod on method browserIntializaztion but has not been marked @Optional or defined
in C:\Users\aswat\eclipse-workspace\DemoProjectOne\testng.xml
	at java.base/java.util.ArrayList.forEach(ArrayList.java:1596)
... Removed 32 stack frames</div></td></tr></table><p class="totop"><a href="#summary">back to summary</a></p>
<h3 id="m3">testscript.Login#browserIntializaztion</h3><table class="result"><tr><th>Exception</th></tr><tr><td><div class="stacktrace">org.testng.TestNGException: 
Parameter &apos;browser&apos; is required by BeforeMethod on method browserIntializaztion but has not been marked @Optional or defined
in C:\Users\aswat\eclipse-workspace\DemoProjectOne\testng.xml
	at java.base/java.util.ArrayList.forEach(ArrayList.java:1596)
... Removed 32 stack frames</div></td></tr></table><p class="totop"><a href="#summary">back to summary</a></p>
<h3 id="m4">testscript.Login#browserIntializaztion</h3><table class="result"><tr><th>Exception</th></tr><tr><td><div class="stacktrace">org.testng.TestNGException: 
Parameter &apos;browser&apos; is required by BeforeMethod on method browserIntializaztion but has not been marked @Optional or defined
in C:\Users\aswat\eclipse-workspace\DemoProjectOne\testng.xml
	at java.base/java.util.ArrayList.forEach(ArrayList.java:1596)
... Removed 32 stack frames</div></td></tr></table><p class="totop"><a href="#summary">back to summary</a></p>
<h3 id="m5">testscript.Login#browserIntializaztion</h3><table class="result"><tr><th>Exception</th></tr><tr><td><div class="stacktrace">org.testng.TestNGException: 
Parameter &apos;browser&apos; is required by BeforeMethod on method browserIntializaztion but has not been marked @Optional or defined
in C:\Users\aswat\eclipse-workspace\DemoProjectOne\testng.xml
	at java.base/java.util.ArrayList.forEach(ArrayList.java:1596)
... Removed 32 stack frames</div></td></tr></table><p class="totop"><a href="#summary">back to summary</a></p>
<h3 id="m6">testscript.Login#browserIntializaztion</h3><table class="result"><tr><th>Exception</th></tr><tr><td><div class="stacktrace">org.testng.TestNGException: 
Parameter &apos;browser&apos; is required by BeforeMethod on method browserIntializaztion but has not been marked @Optional or defined
in C:\Users\aswat\eclipse-workspace\DemoProjectOne\testng.xml
	at java.base/java.util.ArrayList.forEach(ArrayList.java:1596)
... Removed 32 stack frames</div></td></tr></table><p class="totop"><a href="#summary">back to summary</a></p>
<h3 id="m7">testscript.Login#browserQuit</h3><table class="result"><tr class="param"><th>Parameter #1</th></tr><tr class="param stripe"><td>[TestResult name=usernameIncorrectPasswordCorrect status=SKIP method=Login.usernameIncorrectPasswordCorrect()[pri:0, instance:testscript.Login@7334aada] output={null}]</td></tr><tr><th>Exception</th></tr><tr><td><div class="stacktrace">java.lang.NullPointerException: Cannot invoke &quot;org.openqa.selenium.WebDriver.quit()&quot; because &quot;this.driver&quot; is null
	at testscript.Base.browserQuit(Base.java:48)
	at java.base/java.util.ArrayList.forEach(ArrayList.java:1596)
... Removed 34 stack frames</div></td></tr></table><p class="totop"><a href="#summary">back to summary</a></p>
<h3 id="m8">testscript.Login#browserQuit</h3><table class="result"><tr class="param"><th>Parameter #1</th></tr><tr class="param stripe"><td>[TestResult name=loginWithNoCredentials status=SKIP method=Login.loginWithNoCredentials()[pri:0, instance:testscript.Login@7334aada] output={null}]</td></tr><tr><th>Exception</th></tr><tr><td><div class="stacktrace">java.lang.NullPointerException: Cannot invoke &quot;org.openqa.selenium.WebDriver.quit()&quot; because &quot;this.driver&quot; is null
	at testscript.Base.browserQuit(Base.java:48)
	at java.base/java.util.ArrayList.forEach(ArrayList.java:1596)
... Removed 34 stack frames</div></td></tr></table><p class="totop"><a href="#summary">back to summary</a></p>
<h3 id="m9">testscript.Login#browserQuit</h3><table class="result"><tr class="param"><th>Parameter #1</th></tr><tr class="param stripe"><td>[TestResult name=loginBothCorrect status=SKIP method=Login.loginBothCorrect()[pri:0, instance:testscript.Login@7334aada] output={null}]</td></tr><tr><th>Exception</th></tr><tr><td><div class="stacktrace">java.lang.NullPointerException: Cannot invoke &quot;org.openqa.selenium.WebDriver.quit()&quot; because &quot;this.driver&quot; is null
	at testscript.Base.browserQuit(Base.java:48)
	at java.base/java.util.ArrayList.forEach(ArrayList.java:1596)
... Removed 34 stack frames</div></td></tr></table><p class="totop"><a href="#summary">back to summary</a></p>
<h3 id="m10">testscript.Login#browserQuit</h3><table class="result"><tr class="param"><th>Parameter #1</th></tr><tr class="param stripe"><td>[TestResult name=usernameIncorrectPasswordInCorrect status=SKIP method=Login.usernameIncorrectPasswordInCorrect()[pri:0, instance:testscript.Login@7334aada] output={null}]</td></tr><tr><th>Exception</th></tr><tr><td><div class="stacktrace">java.lang.NullPointerException: Cannot invoke &quot;org.openqa.selenium.WebDriver.quit()&quot; because &quot;this.driver&quot; is null
	at testscript.Base.browserQuit(Base.java:48)
	at java.base/java.util.ArrayList.forEach(ArrayList.java:1596)
... Removed 34 stack frames</div></td></tr></table><p class="totop"><a href="#summary">back to summary</a></p>
<h3 id="m11">testscript.Login#browserQuit</h3><table class="result"><tr class="param"><th>Parameter #1</th></tr><tr class="param stripe"><td>[TestResult name=usernameCorrectPasswordIncorrect status=SKIP method=Login.usernameCorrectPasswordIncorrect()[pri:0, instance:testscript.Login@7334aada] output={null}]</td></tr><tr><th>Exception</th></tr><tr><td><div class="stacktrace">java.lang.NullPointerException: Cannot invoke &quot;org.openqa.selenium.WebDriver.quit()&quot; because &quot;this.driver&quot; is null
	at testscript.Base.browserQuit(Base.java:48)
	at java.base/java.util.ArrayList.forEach(ArrayList.java:1596)
... Removed 34 stack frames</div></td></tr></table><p class="totop"><a href="#summary">back to summary</a></p>
<h3 id="m12">testscript.LoginTest#browserIntializaztion</h3><table class="result"><tr><th>Exception</th></tr><tr><td><div class="stacktrace">org.testng.TestNGException: 
Parameter &apos;browser&apos; is required by BeforeMethod on method browserIntializaztion but has not been marked @Optional or defined
in C:\Users\aswat\eclipse-workspace\DemoProjectOne\testng.xml
	at java.base/java.util.ArrayList.forEach(ArrayList.java:1596)
... Removed 32 stack frames</div></td></tr></table><p class="totop"><a href="#summary">back to summary</a></p>
<h3 id="m13">testscript.LoginTest#browserIntializaztion</h3><table class="result"><tr><th>Exception</th></tr><tr><td><div class="stacktrace">org.testng.TestNGException: 
Parameter &apos;browser&apos; is required by BeforeMethod on method browserIntializaztion but has not been marked @Optional or defined
in C:\Users\aswat\eclipse-workspace\DemoProjectOne\testng.xml
	at java.base/java.util.ArrayList.forEach(ArrayList.java:1596)
... Removed 32 stack frames</div></td></tr></table><p class="totop"><a href="#summary">back to summary</a></p>
<h3 id="m14">testscript.LoginTest#browserIntializaztion</h3><table class="result"><tr><th>Exception</th></tr><tr><td><div class="stacktrace">org.testng.TestNGException: 
Parameter &apos;browser&apos; is required by BeforeMethod on method browserIntializaztion but has not been marked @Optional or defined
in C:\Users\aswat\eclipse-workspace\DemoProjectOne\testng.xml
	at java.base/java.util.ArrayList.forEach(ArrayList.java:1596)
... Removed 32 stack frames</div></td></tr></table><p class="totop"><a href="#summary">back to summary</a></p>
<h3 id="m15">testscript.LoginTest#browserIntializaztion</h3><table class="result"><tr><th>Exception</th></tr><tr><td><div class="stacktrace">org.testng.TestNGException: 
Parameter &apos;browser&apos; is required by BeforeMethod on method browserIntializaztion but has not been marked @Optional or defined
in C:\Users\aswat\eclipse-workspace\DemoProjectOne\testng.xml
	at java.base/java.util.ArrayList.forEach(ArrayList.java:1596)
... Removed 32 stack frames</div></td></tr></table><p class="totop"><a href="#summary">back to summary</a></p>
<h3 id="m16">testscript.LoginTest#browserQuit</h3><table class="result"><tr class="param"><th>Parameter #1</th></tr><tr class="param stripe"><td>[TestResult name=loginValidCrendentials status=SKIP method=LoginTest.loginValidCrendentials()[pri:0, instance:testscript.LoginTest@1d9b7cce] output={null}]</td></tr><tr><th>Exception</th></tr><tr><td><div class="stacktrace">java.lang.NullPointerException: Cannot invoke &quot;org.openqa.selenium.WebDriver.quit()&quot; because &quot;this.driver&quot; is null
	at testscript.Base.browserQuit(Base.java:48)
	at java.base/java.util.ArrayList.forEach(ArrayList.java:1596)
... Removed 34 stack frames</div></td></tr></table><p class="totop"><a href="#summary">back to summary</a></p>
<h3 id="m17">testscript.LoginTest#browserQuit</h3><table class="result"><tr class="param"><th>Parameter #1</th></tr><tr class="param stripe"><td>[TestResult name=loginInvalidCrendentialsBoth status=SKIP method=LoginTest.loginInvalidCrendentialsBoth()[pri:0, instance:testscript.LoginTest@1d9b7cce] output={null}]</td></tr><tr><th>Exception</th></tr><tr><td><div class="stacktrace">java.lang.NullPointerException: Cannot invoke &quot;org.openqa.selenium.WebDriver.quit()&quot; because &quot;this.driver&quot; is null
	at testscript.Base.browserQuit(Base.java:48)
	at java.base/java.util.ArrayList.forEach(ArrayList.java:1596)
... Removed 34 stack frames</div></td></tr></table><p class="totop"><a href="#summary">back to summary</a></p>
<h3 id="m18">testscript.LoginTest#browserQuit</h3><table class="result"><tr class="param"><th>Parameter #1</th></tr><tr class="param stripe"><td>[TestResult name=loginInvalidCrendentialsUser status=SKIP method=LoginTest.loginInvalidCrendentialsUser()[pri:0, instance:testscript.LoginTest@1d9b7cce] output={null}]</td></tr><tr><th>Exception</th></tr><tr><td><div class="stacktrace">java.lang.NullPointerException: Cannot invoke &quot;org.openqa.selenium.WebDriver.quit()&quot; because &quot;this.driver&quot; is null
	at testscript.Base.browserQuit(Base.java:48)
	at java.base/java.util.ArrayList.forEach(ArrayList.java:1596)
... Removed 34 stack frames</div></td></tr></table><p class="totop"><a href="#summary">back to summary</a></p>
<h3 id="m19">testscript.LoginTest#browserQuit</h3><table class="result"><tr class="param"><th>Parameter #1</th></tr><tr class="param stripe"><td>[TestResult name=loginInvalidCrendentialsPass status=SKIP method=LoginTest.loginInvalidCrendentialsPass()[pri:0, instance:testscript.LoginTest@1d9b7cce] output={null}]</td></tr><tr><th>Exception</th></tr><tr><td><div class="stacktrace">java.lang.NullPointerException: Cannot invoke &quot;org.openqa.selenium.WebDriver.quit()&quot; because &quot;this.driver&quot; is null
	at testscript.Base.browserQuit(Base.java:48)
	at java.base/java.util.ArrayList.forEach(ArrayList.java:1596)
... Removed 34 stack frames</div></td></tr></table><p class="totop"><a href="#summary">back to summary</a></p>
<h3 id="m20">testscript.ManageNewsTest#browserIntializaztion</h3><table class="result"><tr><th>Exception</th></tr><tr><td><div class="stacktrace">org.testng.TestNGException: 
Parameter &apos;browser&apos; is required by BeforeMethod on method browserIntializaztion but has not been marked @Optional or defined
in C:\Users\aswat\eclipse-workspace\DemoProjectOne\testng.xml
	at java.base/java.util.ArrayList.forEach(ArrayList.java:1596)
... Removed 32 stack frames</div></td></tr></table><p class="totop"><a href="#summary">back to summary</a></p>
<h3 id="m21">testscript.ManageNewsTest#browserQuit</h3><table class="result"><tr class="param"><th>Parameter #1</th></tr><tr class="param stripe"><td>[TestResult name=manageNews status=SKIP method=ManageNewsTest.manageNews()[pri:0, instance:testscript.ManageNewsTest@441772e] output={null}]</td></tr><tr><th>Exception</th></tr><tr><td><div class="stacktrace">java.lang.NullPointerException: Cannot invoke &quot;org.openqa.selenium.WebDriver.quit()&quot; because &quot;this.driver&quot; is null
	at testscript.Base.browserQuit(Base.java:48)
	at java.base/java.util.ArrayList.forEach(ArrayList.java:1596)
... Removed 34 stack frames</div></td></tr></table><p class="totop"><a href="#summary">back to summary</a></p>
<h3 id="m22">testscript.AdminUsersTest#testAddAdmin</h3><table class="result"><tr><th>Exception</th></tr><tr><td><div class="stacktrace">org.testng.TestNGException: 
Parameter &apos;browser&apos; is required by BeforeMethod on method browserIntializaztion but has not been marked @Optional or defined
in C:\Users\aswat\eclipse-workspace\DemoProjectOne\testng.xml
	at java.base/java.util.ArrayList.forEach(ArrayList.java:1596)
... Removed 32 stack frames</div></td></tr></table><p class="totop"><a href="#summary">back to summary</a></p>
<h3 id="m23">testscript.Login#loginBothCorrect</h3><table class="result"><tr><th>Exception</th></tr><tr><td><div class="stacktrace">org.testng.TestNGException: 
Parameter &apos;browser&apos; is required by BeforeMethod on method browserIntializaztion but has not been marked @Optional or defined
in C:\Users\aswat\eclipse-workspace\DemoProjectOne\testng.xml
	at java.base/java.util.ArrayList.forEach(ArrayList.java:1596)
... Removed 32 stack frames</div></td></tr></table><p class="totop"><a href="#summary">back to summary</a></p>
<h3 id="m24">testscript.Login#loginWithNoCredentials</h3><table class="result"><tr><th>Exception</th></tr><tr><td><div class="stacktrace">java.lang.NullPointerException: Cannot invoke &quot;org.openqa.selenium.WebDriver.quit()&quot; because &quot;this.driver&quot; is null
	at testscript.Base.browserQuit(Base.java:48)
	at java.base/java.util.ArrayList.forEach(ArrayList.java:1596)
... Removed 34 stack frames</div></td></tr></table><p class="totop"><a href="#summary">back to summary</a></p>
<h3 id="m25">testscript.Login#usernameCorrectPasswordIncorrect</h3><table class="result"><tr><th>Exception</th></tr><tr><td><div class="stacktrace">java.lang.NullPointerException: Cannot invoke &quot;org.openqa.selenium.WebDriver.quit()&quot; because &quot;this.driver&quot; is null
	at testscript.Base.browserQuit(Base.java:48)
	at java.base/java.util.ArrayList.forEach(ArrayList.java:1596)
... Removed 34 stack frames</div></td></tr></table><p class="totop"><a href="#summary">back to summary</a></p>
<h3 id="m26">testscript.Login#usernameIncorrectPasswordCorrect</h3><table class="result"><tr><th>Exception</th></tr><tr><td><div class="stacktrace">java.lang.NullPointerException: Cannot invoke &quot;org.openqa.selenium.WebDriver.quit()&quot; because &quot;this.driver&quot; is null
	at testscript.Base.browserQuit(Base.java:48)
	at java.base/java.util.ArrayList.forEach(ArrayList.java:1596)
... Removed 34 stack frames</div></td></tr></table><p class="totop"><a href="#summary">back to summary</a></p>
<h3 id="m27">testscript.Login#usernameIncorrectPasswordInCorrect</h3><table class="result"><tr><th>Exception</th></tr><tr><td><div class="stacktrace">java.lang.NullPointerException: Cannot invoke &quot;org.openqa.selenium.WebDriver.quit()&quot; because &quot;this.driver&quot; is null
	at testscript.Base.browserQuit(Base.java:48)
	at java.base/java.util.ArrayList.forEach(ArrayList.java:1596)
... Removed 34 stack frames</div></td></tr></table><p class="totop"><a href="#summary">back to summary</a></p>
<h3 id="m28">testscript.LoginTest#loginInvalidCrendentialsBoth</h3><table class="result"><tr><th>Exception</th></tr><tr><td><div class="stacktrace">org.testng.TestNGException: 
Parameter &apos;browser&apos; is required by BeforeMethod on method browserIntializaztion but has not been marked @Optional or defined
in C:\Users\aswat\eclipse-workspace\DemoProjectOne\testng.xml
	at java.base/java.util.ArrayList.forEach(ArrayList.java:1596)
... Removed 32 stack frames</div></td></tr></table><p class="totop"><a href="#summary">back to summary</a></p>
<h3 id="m29">testscript.LoginTest#loginInvalidCrendentialsPass</h3><table class="result"><tr><th>Exception</th></tr><tr><td><div class="stacktrace">java.lang.NullPointerException: Cannot invoke &quot;org.openqa.selenium.WebDriver.quit()&quot; because &quot;this.driver&quot; is null
	at testscript.Base.browserQuit(Base.java:48)
	at java.base/java.util.ArrayList.forEach(ArrayList.java:1596)
... Removed 34 stack frames</div></td></tr></table><p class="totop"><a href="#summary">back to summary</a></p>
<h3 id="m30">testscript.LoginTest#loginInvalidCrendentialsUser</h3><table class="result"><tr><th>Exception</th></tr><tr><td><div class="stacktrace">java.lang.NullPointerException: Cannot invoke &quot;org.openqa.selenium.WebDriver.quit()&quot; because &quot;this.driver&quot; is null
	at testscript.Base.browserQuit(Base.java:48)
	at java.base/java.util.ArrayList.forEach(ArrayList.java:1596)
... Removed 34 stack frames</div></td></tr></table><p class="totop"><a href="#summary">back to summary</a></p>
<h3 id="m31">testscript.LoginTest#loginValidCrendentials</h3><table class="result"><tr><th>Exception</th></tr><tr><td><div class="stacktrace">java.lang.NullPointerException: Cannot invoke &quot;org.openqa.selenium.WebDriver.quit()&quot; because &quot;this.driver&quot; is null
	at testscript.Base.browserQuit(Base.java:48)
	at java.base/java.util.ArrayList.forEach(ArrayList.java:1596)
... Removed 34 stack frames</div></td></tr></table><p class="totop"><a href="#summary">back to summary</a></p>
<h3 id="m32">testscript.ManageNewsTest#manageNews</h3><table class="result"><tr><th>Exception</th></tr><tr><td><div class="stacktrace">org.testng.TestNGException: 
Parameter &apos;browser&apos; is required by BeforeMethod on method browserIntializaztion but has not been marked @Optional or defined
in C:\Users\aswat\eclipse-workspace\DemoProjectOne\testng.xml
	at java.base/java.util.ArrayList.forEach(ArrayList.java:1596)
... Removed 32 stack frames</div></td></tr></table><p class="totop"><a href="#summary">back to summary</a></p>
</body>
</html>
